<?xml version="1.0" encoding="UTF-8" ?>
<testsuite failures="0" time="1.754" errors="0" skipped="0" tests="25" name="com.itextpdf.text.pdf.TaggedPdfTest">
  <properties>
    <property name="java.runtime.name" value="Java(TM) SE Runtime Environment"/>
    <property name="sun.boot.library.path" value="/Library/Java/JavaVirtualMachines/jdk1.7.0_60.jdk/Contents/Home/jre/lib"/>
    <property name="java.vm.version" value="24.60-b09"/>
    <property name="gopherProxySet" value="false"/>
    <property name="gsExec" value="/usr/local/bin/gs"/>
    <property name="java.vm.vendor" value="Oracle Corporation"/>
    <property name="java.vendor.url" value="http://java.oracle.com/"/>
    <property name="path.separator" value=":"/>
    <property name="guice.disable.misplaced.annotation.check" value="true"/>
    <property name="java.vm.name" value="Java HotSpot(TM) 64-Bit Server VM"/>
    <property name="file.encoding.pkg" value="sun.io"/>
    <property name="user.country" value="US"/>
    <property name="sun.java.launcher" value="SUN_STANDARD"/>
    <property name="sun.os.patch.level" value="unknown"/>
    <property name="java.vm.specification.name" value="Java Virtual Machine Specification"/>
    <property name="user.dir" value="/Users/mmain/Documents/workspace/itextpdf/itext"/>
    <property name="java.runtime.version" value="1.7.0_60-b19"/>
    <property name="java.awt.graphicsenv" value="sun.awt.CGraphicsEnvironment"/>
    <property name="java.endorsed.dirs" value="/Library/Java/JavaVirtualMachines/jdk1.7.0_60.jdk/Contents/Home/jre/lib/endorsed"/>
    <property name="os.arch" value="x86_64"/>
    <property name="java.io.tmpdir" value="/var/folders/nd/ds3mp1gd1nv_zm0_dk96r_qw0000gn/T/"/>
    <property name="line.separator" value="
"/>
    <property name="java.vm.specification.vendor" value="Oracle Corporation"/>
    <property name="os.name" value="Mac OS X"/>
    <property name="classworlds.conf" value="/usr/lib/maven/maven-3.2.1/bin/m2.conf"/>
    <property name="sun.jnu.encoding" value="UTF-8"/>
    <property name="java.library.path" value="/Users/mmain/Library/Java/Extensions:/Library/Java/Extensions:/Network/Library/Java/Extensions:/System/Library/Java/Extensions:/usr/lib/java:."/>
    <property name="java.specification.name" value="Java Platform API Specification"/>
    <property name="java.class.version" value="51.0"/>
    <property name="sun.management.compiler" value="HotSpot 64-Bit Tiered Compilers"/>
    <property name="os.version" value="10.9.5"/>
    <property name="http.nonProxyHosts" value="local|*.local|169.254/16|*.169.254/16"/>
    <property name="user.home" value="/Users/mmain"/>
    <property name="user.timezone" value="America/Chicago"/>
    <property name="java.awt.printerjob" value="sun.lwawt.macosx.CPrinterJob"/>
    <property name="java.specification.version" value="1.7"/>
    <property name="file.encoding" value="UTF-8"/>
    <property name="user.name" value="mmain"/>
    <property name="java.class.path" value="/usr/lib/maven/maven-3.2.1/boot/plexus-classworlds-2.5.1.jar"/>
    <property name="org.slf4j.simpleLogger.defaultLogLevel" value="info"/>
    <property name="java.vm.specification.version" value="1.7"/>
    <property name="sun.arch.data.model" value="64"/>
    <property name="java.home" value="/Library/Java/JavaVirtualMachines/jdk1.7.0_60.jdk/Contents/Home/jre"/>
    <property name="sun.java.command" value="org.codehaus.plexus.classworlds.launcher.Launcher install -DgsExec=/usr/local/bin/gs"/>
    <property name="java.specification.vendor" value="Oracle Corporation"/>
    <property name="user.language" value="en"/>
    <property name="awt.toolkit" value="sun.lwawt.macosx.LWCToolkit"/>
    <property name="java.vm.info" value="mixed mode"/>
    <property name="java.version" value="1.7.0_60"/>
    <property name="java.ext.dirs" value="/Users/mmain/Library/Java/Extensions:/Library/Java/JavaVirtualMachines/jdk1.7.0_60.jdk/Contents/Home/jre/lib/ext:/Library/Java/Extensions:/Network/Library/Java/Extensions:/System/Library/Java/Extensions:/usr/lib/java"/>
    <property name="sun.boot.class.path" value="/Library/Java/JavaVirtualMachines/jdk1.7.0_60.jdk/Contents/Home/jre/lib/resources.jar:/Library/Java/JavaVirtualMachines/jdk1.7.0_60.jdk/Contents/Home/jre/lib/rt.jar:/Library/Java/JavaVirtualMachines/jdk1.7.0_60.jdk/Contents/Home/jre/lib/sunrsasign.jar:/Library/Java/JavaVirtualMachines/jdk1.7.0_60.jdk/Contents/Home/jre/lib/jsse.jar:/Library/Java/JavaVirtualMachines/jdk1.7.0_60.jdk/Contents/Home/jre/lib/jce.jar:/Library/Java/JavaVirtualMachines/jdk1.7.0_60.jdk/Contents/Home/jre/lib/charsets.jar:/Library/Java/JavaVirtualMachines/jdk1.7.0_60.jdk/Contents/Home/jre/lib/jfr.jar:/Library/Java/JavaVirtualMachines/jdk1.7.0_60.jdk/Contents/Home/jre/classes"/>
    <property name="java.vendor" value="Oracle Corporation"/>
    <property name="maven.home" value="/usr/lib/maven/maven-3.2.1"/>
    <property name="file.separator" value="/"/>
    <property name="java.vendor.url.bug" value="http://bugreport.sun.com/bugreport/"/>
    <property name="sun.cpu.endian" value="little"/>
    <property name="sun.io.unicode.encoding" value="UnicodeBig"/>
    <property name="socksNonProxyHosts" value="local|*.local|169.254/16|*.169.254/16"/>
    <property name="ftp.nonProxyHosts" value="local|*.local|169.254/16|*.169.254/16"/>
    <property name="sun.cpu.isalist" value=""/>
  </properties>
  <testcase time="0.195" classname="com.itextpdf.text.pdf.TaggedPdfTest" name="createTaggedPdf1"/>
  <testcase time="0.084" classname="com.itextpdf.text.pdf.TaggedPdfTest" name="createTaggedPdf2"/>
  <testcase time="0.083" classname="com.itextpdf.text.pdf.TaggedPdfTest" name="createTaggedPdf3"/>
  <testcase time="0.022" classname="com.itextpdf.text.pdf.TaggedPdfTest" name="createTaggedPdf4"/>
  <testcase time="0.018" classname="com.itextpdf.text.pdf.TaggedPdfTest" name="createTaggedPdf5"/>
  <testcase time="0.015" classname="com.itextpdf.text.pdf.TaggedPdfTest" name="createTaggedPdf6"/>
  <testcase time="0.112" classname="com.itextpdf.text.pdf.TaggedPdfTest" name="createTaggedPdf7"/>
  <testcase time="0.105" classname="com.itextpdf.text.pdf.TaggedPdfTest" name="createTaggedPdf8"/>
  <testcase time="0.17" classname="com.itextpdf.text.pdf.TaggedPdfTest" name="createTaggedPdf9"/>
  <testcase time="0.009" classname="com.itextpdf.text.pdf.TaggedPdfTest" name="createTaggedPdf0"/>
  <testcase time="0.349" classname="com.itextpdf.text.pdf.TaggedPdfTest" name="createTaggedPdf10"/>
  <testcase time="0.155" classname="com.itextpdf.text.pdf.TaggedPdfTest" name="createTaggedPdf11"/>
  <testcase time="0.16" classname="com.itextpdf.text.pdf.TaggedPdfTest" name="createTaggedPdf12"/>
  <testcase time="0.01" classname="com.itextpdf.text.pdf.TaggedPdfTest" name="createTaggedPdf13"/>
  <testcase time="0.002" classname="com.itextpdf.text.pdf.TaggedPdfTest" name="createTaggedPdf14"/>
  <testcase time="0.005" classname="com.itextpdf.text.pdf.TaggedPdfTest" name="createTaggedPdf15"/>
  <testcase time="0.043" classname="com.itextpdf.text.pdf.TaggedPdfTest" name="createTaggedPdf16"/>
  <testcase time="0.009" classname="com.itextpdf.text.pdf.TaggedPdfTest" name="createTaggedPdf17"/>
  <testcase time="0.022" classname="com.itextpdf.text.pdf.TaggedPdfTest" name="createTaggedPdf18"/>
  <testcase time="0.006" classname="com.itextpdf.text.pdf.TaggedPdfTest" name="createTaggedPdf19"/>
  <testcase time="0.007" classname="com.itextpdf.text.pdf.TaggedPdfTest" name="createTaggedPdf20"/>
  <testcase time="0.002" classname="com.itextpdf.text.pdf.TaggedPdfTest" name="createTaggedPdf21"/>
  <testcase time="0.008" classname="com.itextpdf.text.pdf.TaggedPdfTest" name="createTaggedPdf22"/>
  <testcase time="0.147" classname="com.itextpdf.text.pdf.TaggedPdfTest" name="createTaggedPdf23"/>
  <testcase time="0.006" classname="com.itextpdf.text.pdf.TaggedPdfTest" name="createTaggedPdf24"/>
</testsuite>